<?xml version="1.0" encoding="UTF-8"?>
<!-- Generated by org.testng.reporters.JUnitXMLReporter -->
<testsuite ignored="0" hostname="Stig-laptop" failures="0" tests="1" name="Test2" time="0.104" errors="0" timestamp="2025-03-18T11:08:49 IST">
  <testcase classname="test_script.Base" name="@BeforeMethod initializerbrowser" time="-1.742276329664E9">
    <failure type="org.testng.TestNGException" message="
Parameter &amp;apos;browser&amp;apos; is required by BeforeMethod on method initializerbrowser but has not been marked @Optional or defined
in C:\Users\Arun\eclipse-workspace\demo_project\ParallelTesting.xml">
      <![CDATA[org.testng.TestNGException: 
Parameter 'browser' is required by BeforeMethod on method initializerbrowser but has not been marked @Optional or defined
in C:\Users\Arun\eclipse-workspace\demo_project\ParallelTesting.xml
at java.base/java.util.ArrayList.forEach(ArrayList.java:1597)
at java.base/java.util.concurrent.FutureTask.run(FutureTask.java:317)
at java.base/java.util.concurrent.ThreadPoolExecutor.runWorker(ThreadPoolExecutor.java:1144)
at java.base/java.util.concurrent.ThreadPoolExecutor$Worker.run(ThreadPoolExecutor.java:642)
at java.base/java.lang.Thread.run(Thread.java:1575)
... Removed 19 stack frames]]>
    </failure>
  </testcase> <!-- @BeforeMethod initializerbrowser -->
  <testcase classname="test_script.Base" name="@AfterMethod quitandclose" time="-1.742276329713E9">
    <skipped/>
  </testcase> <!-- @AfterMethod quitandclose -->
  <testcase classname="test_script.ManageContacts_test" name="manageContact" time="0.0">
    <skipped/>
  </testcase> <!-- manageContact -->
</testsuite> <!-- Test2 -->
